<?xml version="1.0" encoding="UTF-8"?>
<!-- Generated by org.testng.reporters.JUnitReportReporter -->
<testsuite skipped="0" hostname="EPINHYDW0957" name="com.epam.tests.CreateNewCustomer_002" tests="1" failures="0" timestamp="26 Nov 2019 06:30:32 GMT" time="15.014" errors="0">
  <testcase name="registerNewCustomer" time="15.014" classname="com.epam.tests.CreateNewCustomer_002"/>
</testsuite> <!-- com.epam.tests.CreateNewCustomer_002 -->
